<?xml version="1.0" encoding="UTF-8"?>
<!-- Generated by org.testng.reporters.JUnitReportReporter -->
<testsuite hostname="DESKTOP-NU2NRDQ" failures="0" tests="1" name="testCases.TC001_AccountRegistrationTest" time="3.203" errors="0" timestamp="2024-08-13T12:46:33 IST" skipped="0">
  <testcase classname="testCases.TC001_AccountRegistrationTest" name="verify_account_registration" time="3.203"/>
</testsuite> <!-- testCases.TC001_AccountRegistrationTest -->
