<?xml version="1.0" encoding="UTF-8"?>
<!-- Generated by org.testng.reporters.JUnitReportReporter -->
<testsuite hostname="DESKTOP-NU2NRDQ" failures="0" tests="10" name="testCases.TC_AccountRegistrationTest" time="43.831" errors="0" timestamp="2024-08-10T00:53:37 IST" skipped="0">
  <testcase classname="testCases.TC_AccountRegistrationTest" name="verify_account_registration" time="4.675"/>
  <testcase classname="testCases.TC_AccountRegistrationTest" name="verify_account_registration" time="4.273"/>
  <testcase classname="testCases.TC_AccountRegistrationTest" name="verify_account_registration" time="4.298"/>
  <testcase classname="testCases.TC_AccountRegistrationTest" name="verify_account_registration" time="4.281"/>
  <testcase classname="testCases.TC_AccountRegistrationTest" name="verify_account_registration" time="4.353"/>
  <testcase classname="testCases.TC_AccountRegistrationTest" name="verify_account_registration" time="4.326"/>
  <testcase classname="testCases.TC_AccountRegistrationTest" name="verify_account_registration" time="4.496"/>
  <testcase classname="testCases.TC_AccountRegistrationTest" name="verify_account_registration" time="4.292"/>
  <testcase classname="testCases.TC_AccountRegistrationTest" name="verify_account_registration" time="4.591"/>
  <testcase classname="testCases.TC_AccountRegistrationTest" name="verify_account_registration" time="4.246"/>
</testsuite> <!-- testCases.TC_AccountRegistrationTest -->
