<?xml version="1.0" encoding="UTF-8"?>
<!-- Generated by org.testng.reporters.JUnitReportReporter -->
<testsuite hostname="DESKTOP-NU2NRDQ" failures="0" tests="1" name="testCases.TC_001_AccountRegistrationTest" time="2.744" errors="0" timestamp="2024-08-19T19:40:00 IST" skipped="0">
  <testcase classname="testCases.TC_001_AccountRegistrationTest" name="verify_account_registration" time="2.744"/>
</testsuite> <!-- testCases.TC_001_AccountRegistrationTest -->
