<?xml version="1.0" encoding="UTF-8"?>
<!-- Generated by org.testng.reporters.JUnitReportReporter -->
<testsuite hostname="DESKTOP-NU2NRDQ" failures="0" tests="1" name="testCases.TC_002_LoginTest" time="0.627" errors="0" timestamp="2024-08-19T19:40:00 IST" skipped="0">
  <testcase classname="testCases.TC_002_LoginTest" name="verify_login" time="0.627"/>
</testsuite> <!-- testCases.TC_002_LoginTest -->
